<?xml version="1.0" encoding="UTF-8"?>
<!-- Generated by org.testng.reporters.JUnitReportReporter -->
<testsuite skipped="0" hostname="Dipikas-MacBook-Air.local" name="APITest" tests="2" failures="0" timestamp="2025-01-03T01:15:46 IST" time="3.013" errors="0">
  <testcase name="test1" time="2.771" classname="APITest"/>
  <system-out/>
  <testcase name="test2" time="0.242" classname="APITest"/>
  <system-out/>
</testsuite> <!-- APITest -->
