<?xml version="1.0" encoding="UTF-8"?>
<!-- Generated by org.testng.reporters.JUnitReportReporter -->
<testsuite skipped="0" hostname="Dipikas-MacBook-Air.local" name="APITest" tests="2" failures="0" timestamp="2024-12-29T03:57:50 IST" time="3.034" errors="0">
  <testcase name="test2" time="0.440" classname="APITest"/>
  <system-out/>
  <testcase name="test1" time="2.594" classname="APITest"/>
  <system-out/>
</testsuite> <!-- APITest -->
